<?xml version="1.0" encoding="UTF-8"?>
<testng-results skipped="0" failed="0" ignored="0" total="1" passed="1">
  <reporter-output>
  </reporter-output>
  <suite name="Default suite" duration-ms="15964" started-at="2019-08-28T12:11:29Z" finished-at="2019-08-28T12:11:45Z">
    <groups>
    </groups>
    <test name="Default test" duration-ms="15964" started-at="2019-08-28T12:11:29Z" finished-at="2019-08-28T12:11:45Z">
      <class name="an.andd">
        <test-method status="PASS" signature="open()[pri:0, instance:an.andd@2833cc44]" name="open" duration-ms="15938" started-at="2019-08-28T12:11:29Z" finished-at="2019-08-28T12:11:45Z">
          <reporter-output>
          </reporter-output>
        </test-method> <!-- open -->
      </class> <!-- an.andd -->
    </test> <!-- Default test -->
  </suite> <!-- Default suite -->
</testng-results>
