<?xml version="1.0" encoding="UTF-8"?>
<testng-results skipped="0" failed="0" ignored="0" total="1" passed="1">
  <reporter-output>
  </reporter-output>
  <suite name="Default suite" duration-ms="6693" started-at="2019-08-09T10:29:38Z" finished-at="2019-08-09T10:29:44Z">
    <groups>
    </groups>
    <test name="Default test" duration-ms="6693" started-at="2019-08-09T10:29:38Z" finished-at="2019-08-09T10:29:44Z">
      <class name="screen.testshot">
        <test-method status="PASS" signature="open()[pri:0, instance:screen.testshot@396f6598]" name="open" duration-ms="6670" started-at="2019-08-09T10:29:38Z" finished-at="2019-08-09T10:29:44Z">
          <reporter-output>
          </reporter-output>
        </test-method> <!-- open -->
      </class> <!-- screen.testshot -->
    </test> <!-- Default test -->
  </suite> <!-- Default suite -->
</testng-results>
